<?xml version="1.0" encoding="UTF-8"?>
<coverage generated="1611036319806" clover="3.2.0">
  <project timestamp="1611036319806" name="All files">
    <metrics statements="83" coveredstatements="76" conditionals="32" coveredconditionals="28" methods="10" coveredmethods="7" elements="125" coveredelements="111" complexity="0" loc="83" ncloc="83" packages="1" files="1" classes="1"/>
    <file name="Algo.js" path="F:\Algo\src\Algo.js">
      <metrics statements="83" coveredstatements="76" conditionals="32" coveredconditionals="28" methods="10" coveredmethods="7"/>
      <line num="8" count="1" type="stmt"/>
      <line num="9" count="1" type="stmt"/>
      <line num="12" count="1" type="stmt"/>
      <line num="15" count="6" type="cond" truecount="1" falsecount="1"/>
      <line num="16" count="0" type="stmt"/>
      <line num="18" count="6" type="cond" truecount="3" falsecount="1"/>
      <line num="19" count="0" type="stmt"/>
      <line num="30" count="1" type="stmt"/>
      <line num="35" count="6" type="stmt"/>
      <line num="36" count="6" type="stmt"/>
      <line num="37" count="31" type="cond" truecount="2" falsecount="0"/>
      <line num="38" count="3" type="stmt"/>
      <line num="39" count="3" type="stmt"/>
      <line num="40" count="3" type="stmt"/>
      <line num="41" count="3" type="stmt"/>
      <line num="43" count="28" type="stmt"/>
      <line num="44" count="28" type="stmt"/>
      <line num="45" count="28" type="stmt"/>
      <line num="48" count="6" type="stmt"/>
      <line num="51" count="6" type="stmt"/>
      <line num="52" count="6" type="stmt"/>
      <line num="53" count="6" type="stmt"/>
      <line num="54" count="6" type="stmt"/>
      <line num="55" count="6" type="cond" truecount="2" falsecount="0"/>
      <line num="56" count="14" type="stmt"/>
      <line num="57" count="14" type="cond" truecount="2" falsecount="0"/>
      <line num="58" count="3" type="stmt"/>
      <line num="59" count="3" type="stmt"/>
      <line num="60" count="3" type="stmt"/>
      <line num="61" count="3" type="stmt"/>
      <line num="62" count="11" type="cond" truecount="2" falsecount="0"/>
      <line num="63" count="1" type="stmt"/>
      <line num="65" count="10" type="stmt"/>
      <line num="68" count="6" type="stmt"/>
      <line num="71" count="6" type="stmt"/>
      <line num="72" count="6" type="stmt"/>
      <line num="73" count="6" type="stmt"/>
      <line num="74" count="6" type="stmt"/>
      <line num="75" count="6" type="stmt"/>
      <line num="76" count="6" type="stmt"/>
      <line num="77" count="6" type="stmt"/>
      <line num="79" count="11" type="stmt"/>
      <line num="80" count="11" type="stmt"/>
      <line num="81" count="11" type="cond" truecount="2" falsecount="0"/>
      <line num="82" count="1" type="stmt"/>
      <line num="83" count="1" type="stmt"/>
      <line num="87" count="5" type="stmt"/>
      <line num="88" count="5" type="stmt"/>
      <line num="90" count="4" type="stmt"/>
      <line num="91" count="4" type="cond" truecount="1" falsecount="1"/>
      <line num="92" count="0" type="stmt"/>
      <line num="93" count="0" type="stmt"/>
      <line num="96" count="5" type="cond" truecount="2" falsecount="0"/>
      <line num="97" count="3" type="stmt"/>
      <line num="98" count="3" type="stmt"/>
      <line num="99" count="3" type="stmt"/>
      <line num="101" count="5" type="stmt"/>
      <line num="105" count="11" type="cond" truecount="2" falsecount="0"/>
      <line num="106" count="8" type="stmt"/>
      <line num="107" count="8" type="stmt"/>
      <line num="108" count="8" type="cond" truecount="2" falsecount="0"/>
      <line num="109" count="3" type="stmt"/>
      <line num="110" count="5" type="cond" truecount="2" falsecount="0"/>
      <line num="111" count="2" type="stmt"/>
      <line num="113" count="3" type="stmt"/>
      <line num="115" count="5" type="stmt"/>
      <line num="117" count="3" type="stmt"/>
      <line num="119" count="6" type="stmt"/>
      <line num="120" count="6" type="cond" truecount="1" falsecount="1"/>
      <line num="121" count="0" type="stmt"/>
      <line num="122" count="0" type="stmt"/>
      <line num="123" count="0" type="stmt"/>
      <line num="125" count="6" type="stmt"/>
      <line num="126" count="6" type="cond" truecount="2" falsecount="0"/>
      <line num="127" count="15" type="stmt"/>
      <line num="129" count="6" type="stmt"/>
      <line num="130" count="6" type="cond" truecount="2" falsecount="0"/>
      <line num="131" count="3" type="stmt"/>
      <line num="132" count="3" type="stmt"/>
      <line num="134" count="3" type="stmt"/>
      <line num="135" count="3" type="stmt"/>
      <line num="137" count="6" type="stmt"/>
      <line num="143" count="1" type="stmt"/>
    </file>
  </project>
</coverage>
