<?xml version="1.0" encoding="UTF-8"?>
<coverage generated="1611112504412" clover="3.2.0">
  <project timestamp="1611112504412" name="All files">
    <metrics statements="122" coveredstatements="117" conditionals="46" coveredconditionals="44" methods="11" coveredmethods="11" elements="179" coveredelements="172" complexity="0" loc="122" ncloc="122" packages="1" files="1" classes="1"/>
    <file name="Algo.js" path="F:\Algo\src\Algo.js">
      <metrics statements="122" coveredstatements="117" conditionals="46" coveredconditionals="44" methods="11" coveredmethods="11"/>
      <line num="11" count="1" type="stmt"/>
      <line num="12" count="1" type="stmt"/>
      <line num="32" count="1" type="stmt"/>
      <line num="38" count="6" type="stmt"/>
      <line num="39" count="31" type="cond" truecount="2" falsecount="0"/>
      <line num="40" count="3" type="stmt"/>
      <line num="41" count="3" type="stmt"/>
      <line num="42" count="3" type="stmt"/>
      <line num="43" count="3" type="stmt"/>
      <line num="45" count="28" type="stmt"/>
      <line num="46" count="28" type="stmt"/>
      <line num="47" count="28" type="stmt"/>
      <line num="50" count="6" type="stmt"/>
      <line num="53" count="6" type="stmt"/>
      <line num="54" count="6" type="stmt"/>
      <line num="55" count="6" type="stmt"/>
      <line num="56" count="6" type="stmt"/>
      <line num="57" count="6" type="cond" truecount="2" falsecount="0"/>
      <line num="58" count="15" type="stmt"/>
      <line num="59" count="15" type="cond" truecount="2" falsecount="0"/>
      <line num="60" count="3" type="stmt"/>
      <line num="61" count="3" type="stmt"/>
      <line num="62" count="3" type="stmt"/>
      <line num="63" count="3" type="stmt"/>
      <line num="64" count="12" type="cond" truecount="2" falsecount="0"/>
      <line num="65" count="2" type="stmt"/>
      <line num="67" count="10" type="stmt"/>
      <line num="70" count="6" type="stmt"/>
      <line num="73" count="6" type="stmt"/>
      <line num="74" count="6" type="stmt"/>
      <line num="75" count="6" type="stmt"/>
      <line num="76" count="6" type="stmt"/>
      <line num="77" count="6" type="stmt"/>
      <line num="78" count="6" type="stmt"/>
      <line num="79" count="6" type="stmt"/>
      <line num="81" count="11" type="stmt"/>
      <line num="82" count="11" type="stmt"/>
      <line num="83" count="11" type="cond" truecount="2" falsecount="0"/>
      <line num="84" count="1" type="stmt"/>
      <line num="85" count="1" type="stmt"/>
      <line num="89" count="5" type="stmt"/>
      <line num="90" count="5" type="stmt"/>
      <line num="92" count="4" type="stmt"/>
      <line num="93" count="4" type="cond" truecount="1" falsecount="1"/>
      <line num="94" count="0" type="stmt"/>
      <line num="95" count="0" type="stmt"/>
      <line num="98" count="5" type="cond" truecount="2" falsecount="0"/>
      <line num="99" count="3" type="stmt"/>
      <line num="100" count="3" type="stmt"/>
      <line num="101" count="3" type="stmt"/>
      <line num="103" count="5" type="stmt"/>
      <line num="107" count="11" type="cond" truecount="2" falsecount="0"/>
      <line num="108" count="8" type="stmt"/>
      <line num="109" count="8" type="stmt"/>
      <line num="110" count="8" type="cond" truecount="2" falsecount="0"/>
      <line num="111" count="3" type="stmt"/>
      <line num="112" count="5" type="cond" truecount="2" falsecount="0"/>
      <line num="113" count="2" type="stmt"/>
      <line num="115" count="3" type="stmt"/>
      <line num="117" count="5" type="stmt"/>
      <line num="119" count="3" type="stmt"/>
      <line num="121" count="6" type="stmt"/>
      <line num="122" count="6" type="cond" truecount="1" falsecount="1"/>
      <line num="123" count="0" type="stmt"/>
      <line num="124" count="0" type="stmt"/>
      <line num="125" count="0" type="stmt"/>
      <line num="127" count="6" type="stmt"/>
      <line num="128" count="6" type="cond" truecount="2" falsecount="0"/>
      <line num="129" count="15" type="stmt"/>
      <line num="131" count="6" type="stmt"/>
      <line num="132" count="6" type="cond" truecount="2" falsecount="0"/>
      <line num="133" count="3" type="stmt"/>
      <line num="134" count="3" type="stmt"/>
      <line num="136" count="3" type="stmt"/>
      <line num="137" count="3" type="stmt"/>
      <line num="139" count="6" type="stmt"/>
      <line num="142" count="19" type="cond" truecount="2" falsecount="0"/>
      <line num="143" count="11" type="stmt"/>
      <line num="145" count="8" type="stmt"/>
      <line num="146" count="8" type="stmt"/>
      <line num="147" count="8" type="stmt"/>
      <line num="148" count="8" type="stmt"/>
      <line num="149" count="8" type="stmt"/>
      <line num="150" count="8" type="stmt"/>
      <line num="151" count="19" type="cond" truecount="2" falsecount="0"/>
      <line num="152" count="7" type="stmt"/>
      <line num="154" count="12" type="stmt"/>
      <line num="157" count="8" type="stmt"/>
      <line num="161" count="3" type="stmt"/>
      <line num="162" count="3" type="stmt"/>
      <line num="163" count="14" type="stmt"/>
      <line num="164" count="44" type="cond" truecount="2" falsecount="0"/>
      <line num="165" count="17" type="stmt"/>
      <line num="166" count="17" type="stmt"/>
      <line num="167" count="17" type="stmt"/>
      <line num="171" count="3" type="stmt"/>
      <line num="175" count="12" type="stmt"/>
      <line num="176" count="12" type="stmt"/>
      <line num="177" count="12" type="stmt"/>
      <line num="178" count="12" type="cond" truecount="2" falsecount="0"/>
      <line num="179" count="24" type="cond" truecount="2" falsecount="0"/>
      <line num="180" count="14" type="stmt"/>
      <line num="181" count="14" type="stmt"/>
      <line num="183" count="10" type="stmt"/>
      <line num="184" count="10" type="stmt"/>
      <line num="187" count="12" type="stmt"/>
      <line num="190" count="27" type="cond" truecount="2" falsecount="0"/>
      <line num="191" count="15" type="stmt"/>
      <line num="193" count="12" type="stmt"/>
      <line num="194" count="12" type="stmt"/>
      <line num="195" count="12" type="stmt"/>
      <line num="196" count="12" type="stmt"/>
      <line num="199" count="3" type="stmt"/>
      <line num="200" count="11" type="cond" truecount="2" falsecount="0"/>
      <line num="201" count="3" type="stmt"/>
      <line num="202" count="8" type="cond" truecount="2" falsecount="0"/>
      <line num="203" count="4" type="stmt"/>
      <line num="205" count="4" type="stmt"/>
      <line num="206" count="13" type="cond" truecount="4" falsecount="0"/>
      <line num="207" count="4" type="stmt"/>
      <line num="212" count="3" type="stmt"/>
      <line num="216" count="1" type="stmt"/>
    </file>
  </project>
</coverage>
