{"F:\\Algo\\src\\Algo.js": {"path":"F:\\Algo\\src\\Algo.js","statementMap":{"0":{"start":{"line":6,"column":0},"end":{"line":8,"column":4}},"1":{"start":{"line":7,"column":4},"end":{"line":7,"column":55}},"2":{"start":{"line":10,"column":14},"end":{"line":26,"column":1}},"3":{"start":{"line":13,"column":12},"end":{"line":15,"column":13}},"4":{"start":{"line":14,"column":16},"end":{"line":14,"column":86}},"5":{"start":{"line":16,"column":12},"end":{"line":20,"column":13}},"6":{"start":{"line":17,"column":16},"end":{"line":19,"column":18}},"7":{"start":{"line":28,"column":13},"end":{"line":136,"column":1}},"8":{"start":{"line":33,"column":8},"end":{"line":33,"column":41}},"9":{"start":{"line":34,"column":8},"end":{"line":45,"column":9}},"10":{"start":{"line":34,"column":18},"end":{"line":34,"column":19}},"11":{"start":{"line":35,"column":10},"end":{"line":44,"column":11}},"12":{"start":{"line":36,"column":12},"end":{"line":36,"column":30}},"13":{"start":{"line":37,"column":12},"end":{"line":37,"column":26}},"14":{"start":{"line":38,"column":12},"end":{"line":38,"column":29}},"15":{"start":{"line":39,"column":12},"end":{"line":39,"column":17}},"16":{"start":{"line":41,"column":12},"end":{"line":41,"column":31}},"17":{"start":{"line":42,"column":12},"end":{"line":42,"column":27}},"18":{"start":{"line":43,"column":12},"end":{"line":43,"column":36}},"19":{"start":{"line":46,"column":8},"end":{"line":46,"column":19}},"20":{"start":{"line":49,"column":8},"end":{"line":49,"column":36}},"21":{"start":{"line":50,"column":23},"end":{"line":50,"column":24}},"22":{"start":{"line":50,"column":36},"end":{"line":50,"column":51}},"23":{"start":{"line":51,"column":8},"end":{"line":51,"column":27}},"24":{"start":{"line":52,"column":8},"end":{"line":52,"column":23}},"25":{"start":{"line":53,"column":8},"end":{"line":53,"column":32}},"26":{"start":{"line":54,"column":8},"end":{"line":66,"column":9}},"27":{"start":{"line":55,"column":12},"end":{"line":55,"column":53}},"28":{"start":{"line":56,"column":12},"end":{"line":65,"column":13}},"29":{"start":{"line":57,"column":16},"end":{"line":57,"column":34}},"30":{"start":{"line":58,"column":16},"end":{"line":58,"column":35}},"31":{"start":{"line":59,"column":16},"end":{"line":59,"column":33}},"32":{"start":{"line":60,"column":16},"end":{"line":60,"column":21}},"33":{"start":{"line":61,"column":18},"end":{"line":65,"column":13}},"34":{"start":{"line":62,"column":16},"end":{"line":62,"column":36}},"35":{"start":{"line":64,"column":16},"end":{"line":64,"column":37}},"36":{"start":{"line":67,"column":8},"end":{"line":67,"column":19}},"37":{"start":{"line":70,"column":18},"end":{"line":70,"column":29}},"38":{"start":{"line":71,"column":19},"end":{"line":71,"column":45}},"39":{"start":{"line":72,"column":19},"end":{"line":72,"column":20}},"40":{"start":{"line":73,"column":8},"end":{"line":80,"column":9}},"41":{"start":{"line":74,"column":12},"end":{"line":74,"column":21}},"42":{"start":{"line":75,"column":12},"end":{"line":75,"column":44}},"43":{"start":{"line":76,"column":12},"end":{"line":79,"column":13}},"44":{"start":{"line":77,"column":16},"end":{"line":77,"column":31}},"45":{"start":{"line":78,"column":16},"end":{"line":78,"column":21}},"46":{"start":{"line":81,"column":8},"end":{"line":87,"column":9}},"47":{"start":{"line":82,"column":12},"end":{"line":82,"column":18}},"48":{"start":{"line":83,"column":12},"end":{"line":86,"column":13}},"49":{"start":{"line":84,"column":16},"end":{"line":84,"column":31}},"50":{"start":{"line":85,"column":16},"end":{"line":85,"column":21}},"51":{"start":{"line":88,"column":8},"end":{"line":96,"column":9}},"52":{"start":{"line":89,"column":12},"end":{"line":89,"column":29}},"53":{"start":{"line":90,"column":12},"end":{"line":90,"column":30}},"54":{"start":{"line":91,"column":12},"end":{"line":91,"column":29}},"55":{"start":{"line":93,"column":12},"end":{"line":93,"column":27}},"56":{"start":{"line":94,"column":12},"end":{"line":94,"column":31}},"57":{"start":{"line":95,"column":12},"end":{"line":95,"column":36}},"58":{"start":{"line":97,"column":8},"end":{"line":97,"column":19}},"59":{"start":{"line":101,"column":12},"end":{"line":112,"column":13}},"60":{"start":{"line":102,"column":27},"end":{"line":102,"column":53}},"61":{"start":{"line":103,"column":32},"end":{"line":103,"column":53}},"62":{"start":{"line":104,"column":14},"end":{"line":110,"column":15}},"63":{"start":{"line":105,"column":16},"end":{"line":105,"column":30}},"64":{"start":{"line":106,"column":21},"end":{"line":110,"column":15}},"65":{"start":{"line":107,"column":18},"end":{"line":107,"column":35}},"66":{"start":{"line":109,"column":18},"end":{"line":109,"column":37}},"67":{"start":{"line":111,"column":14},"end":{"line":111,"column":76}},"68":{"start":{"line":113,"column":12},"end":{"line":113,"column":22}},"69":{"start":{"line":115,"column":18},"end":{"line":115,"column":29}},"70":{"start":{"line":116,"column":8},"end":{"line":120,"column":9}},"71":{"start":{"line":117,"column":12},"end":{"line":117,"column":27}},"72":{"start":{"line":118,"column":12},"end":{"line":118,"column":30}},"73":{"start":{"line":119,"column":12},"end":{"line":119,"column":29}},"74":{"start":{"line":121,"column":14},"end":{"line":121,"column":15}},"75":{"start":{"line":122,"column":8},"end":{"line":124,"column":9}},"76":{"start":{"line":123,"column":12},"end":{"line":123,"column":17}},"77":{"start":{"line":125,"column":8},"end":{"line":125,"column":70}},"78":{"start":{"line":126,"column":8},"end":{"line":132,"column":9}},"79":{"start":{"line":127,"column":12},"end":{"line":127,"column":30}},"80":{"start":{"line":128,"column":12},"end":{"line":128,"column":29}},"81":{"start":{"line":130,"column":12},"end":{"line":130,"column":31}},"82":{"start":{"line":131,"column":12},"end":{"line":131,"column":36}},"83":{"start":{"line":133,"column":8},"end":{"line":133,"column":19}},"84":{"start":{"line":139,"column":0},"end":{"line":139,"column":21}}},"fnMap":{"0":{"name":"(anonymous_0)","decl":{"start":{"line":6,"column":1},"end":{"line":6,"column":2}},"loc":{"start":{"line":6,"column":11},"end":{"line":8,"column":1}},"line":6},"1":{"name":"(anonymous_1)","decl":{"start":{"line":12,"column":16},"end":{"line":12,"column":17}},"loc":{"start":{"line":12,"column":45},"end":{"line":21,"column":9}},"line":12},"2":{"name":"(anonymous_2)","decl":{"start":{"line":22,"column":16},"end":{"line":22,"column":17}},"loc":{"start":{"line":22,"column":26},"end":{"line":22,"column":28}},"line":22},"3":{"name":"(anonymous_3)","decl":{"start":{"line":23,"column":14},"end":{"line":23,"column":15}},"loc":{"start":{"line":23,"column":24},"end":{"line":23,"column":26}},"line":23},"4":{"name":"(anonymous_4)","decl":{"start":{"line":24,"column":21},"end":{"line":24,"column":22}},"loc":{"start":{"line":24,"column":31},"end":{"line":24,"column":33}},"line":24},"5":{"name":"(anonymous_5)","decl":{"start":{"line":32,"column":18},"end":{"line":32,"column":19}},"loc":{"start":{"line":32,"column":37},"end":{"line":47,"column":7}},"line":32},"6":{"name":"(anonymous_6)","decl":{"start":{"line":48,"column":18},"end":{"line":48,"column":19}},"loc":{"start":{"line":48,"column":37},"end":{"line":68,"column":5}},"line":48},"7":{"name":"(anonymous_7)","decl":{"start":{"line":69,"column":16},"end":{"line":69,"column":17}},"loc":{"start":{"line":69,"column":35},"end":{"line":98,"column":5}},"line":69},"8":{"name":"(anonymous_8)","decl":{"start":{"line":99,"column":23},"end":{"line":99,"column":24}},"loc":{"start":{"line":99,"column":42},"end":{"line":134,"column":5}},"line":99},"9":{"name":"binarySearch","decl":{"start":{"line":100,"column":17},"end":{"line":100,"column":29}},"loc":{"start":{"line":100,"column":71},"end":{"line":114,"column":11}},"line":100}},"branchMap":{"0":{"loc":{"start":{"line":13,"column":12},"end":{"line":15,"column":13}},"type":"if","locations":[{"start":{"line":13,"column":12},"end":{"line":15,"column":13}},{"start":{"line":13,"column":12},"end":{"line":15,"column":13}}],"line":13},"1":{"loc":{"start":{"line":16,"column":12},"end":{"line":20,"column":13}},"type":"if","locations":[{"start":{"line":16,"column":12},"end":{"line":20,"column":13}},{"start":{"line":16,"column":12},"end":{"line":20,"column":13}}],"line":16},"2":{"loc":{"start":{"line":16,"column":15},"end":{"line":16,"column":77}},"type":"binary-expr","locations":[{"start":{"line":16,"column":15},"end":{"line":16,"column":44}},{"start":{"line":16,"column":48},"end":{"line":16,"column":77}}],"line":16},"3":{"loc":{"start":{"line":35,"column":10},"end":{"line":44,"column":11}},"type":"if","locations":[{"start":{"line":35,"column":10},"end":{"line":44,"column":11}},{"start":{"line":35,"column":10},"end":{"line":44,"column":11}}],"line":35},"4":{"loc":{"start":{"line":54,"column":14},"end":{"line":54,"column":56}},"type":"binary-expr","locations":[{"start":{"line":54,"column":14},"end":{"line":54,"column":35}},{"start":{"line":54,"column":39},"end":{"line":54,"column":56}}],"line":54},"5":{"loc":{"start":{"line":56,"column":12},"end":{"line":65,"column":13}},"type":"if","locations":[{"start":{"line":56,"column":12},"end":{"line":65,"column":13}},{"start":{"line":56,"column":12},"end":{"line":65,"column":13}}],"line":56},"6":{"loc":{"start":{"line":61,"column":18},"end":{"line":65,"column":13}},"type":"if","locations":[{"start":{"line":61,"column":18},"end":{"line":65,"column":13}},{"start":{"line":61,"column":18},"end":{"line":65,"column":13}}],"line":61},"7":{"loc":{"start":{"line":76,"column":12},"end":{"line":79,"column":13}},"type":"if","locations":[{"start":{"line":76,"column":12},"end":{"line":79,"column":13}},{"start":{"line":76,"column":12},"end":{"line":79,"column":13}}],"line":76},"8":{"loc":{"start":{"line":83,"column":12},"end":{"line":86,"column":13}},"type":"if","locations":[{"start":{"line":83,"column":12},"end":{"line":86,"column":13}},{"start":{"line":83,"column":12},"end":{"line":86,"column":13}}],"line":83},"9":{"loc":{"start":{"line":88,"column":8},"end":{"line":96,"column":9}},"type":"if","locations":[{"start":{"line":88,"column":8},"end":{"line":96,"column":9}},{"start":{"line":88,"column":8},"end":{"line":96,"column":9}}],"line":88},"10":{"loc":{"start":{"line":101,"column":12},"end":{"line":112,"column":13}},"type":"if","locations":[{"start":{"line":101,"column":12},"end":{"line":112,"column":13}},{"start":{"line":101,"column":12},"end":{"line":112,"column":13}}],"line":101},"11":{"loc":{"start":{"line":104,"column":14},"end":{"line":110,"column":15}},"type":"if","locations":[{"start":{"line":104,"column":14},"end":{"line":110,"column":15}},{"start":{"line":104,"column":14},"end":{"line":110,"column":15}}],"line":104},"12":{"loc":{"start":{"line":106,"column":21},"end":{"line":110,"column":15}},"type":"if","locations":[{"start":{"line":106,"column":21},"end":{"line":110,"column":15}},{"start":{"line":106,"column":21},"end":{"line":110,"column":15}}],"line":106},"13":{"loc":{"start":{"line":116,"column":8},"end":{"line":120,"column":9}},"type":"if","locations":[{"start":{"line":116,"column":8},"end":{"line":120,"column":9}},{"start":{"line":116,"column":8},"end":{"line":120,"column":9}}],"line":116},"14":{"loc":{"start":{"line":122,"column":14},"end":{"line":122,"column":36}},"type":"binary-expr","locations":[{"start":{"line":122,"column":14},"end":{"line":122,"column":19}},{"start":{"line":122,"column":23},"end":{"line":122,"column":36}}],"line":122},"15":{"loc":{"start":{"line":126,"column":8},"end":{"line":132,"column":9}},"type":"if","locations":[{"start":{"line":126,"column":8},"end":{"line":132,"column":9}},{"start":{"line":126,"column":8},"end":{"line":132,"column":9}}],"line":126}},"s":{"0":1,"1":1,"2":1,"3":4,"4":0,"5":4,"6":0,"7":1,"8":4,"9":4,"10":4,"11":19,"12":3,"13":3,"14":3,"15":3,"16":16,"17":16,"18":16,"19":4,"20":0,"21":0,"22":0,"23":0,"24":0,"25":0,"26":0,"27":0,"28":0,"29":0,"30":0,"31":0,"32":0,"33":0,"34":0,"35":0,"36":0,"37":0,"38":0,"39":0,"40":0,"41":0,"42":0,"43":0,"44":0,"45":0,"46":0,"47":0,"48":0,"49":0,"50":0,"51":0,"52":0,"53":0,"54":0,"55":0,"56":0,"57":0,"58":0,"59":0,"60":0,"61":0,"62":0,"63":0,"64":0,"65":0,"66":0,"67":0,"68":0,"69":0,"70":0,"71":0,"72":0,"73":0,"74":0,"75":0,"76":0,"77":0,"78":0,"79":0,"80":0,"81":0,"82":0,"83":0,"84":1},"f":{"0":1,"1":4,"2":0,"3":0,"4":0,"5":4,"6":0,"7":0,"8":0,"9":0},"b":{"0":[0,4],"1":[0,4],"2":[4,4],"3":[3,16],"4":[0,0],"5":[0,0],"6":[0,0],"7":[0,0],"8":[0,0],"9":[0,0],"10":[0,0],"11":[0,0],"12":[0,0],"13":[0,0],"14":[0,0],"15":[0,0]},"_coverageSchema":"1a1c01bbd47fc00a2c39e90264f33305004495a9","hash":"499d9d2fe9fc1008880c2e76f6339bf3f0f993dd"}
}
