{"F:\\Algo\\src\\Algo.js": {"path":"F:\\Algo\\src\\Algo.js","statementMap":{"0":{"start":{"line":11,"column":0},"end":{"line":13,"column":4}},"1":{"start":{"line":12,"column":4},"end":{"line":12,"column":55}},"2":{"start":{"line":33,"column":13},"end":{"line":162,"column":1}},"3":{"start":{"line":39,"column":8},"end":{"line":50,"column":9}},"4":{"start":{"line":39,"column":18},"end":{"line":39,"column":19}},"5":{"start":{"line":40,"column":10},"end":{"line":49,"column":11}},"6":{"start":{"line":41,"column":12},"end":{"line":41,"column":30}},"7":{"start":{"line":42,"column":12},"end":{"line":42,"column":26}},"8":{"start":{"line":43,"column":12},"end":{"line":43,"column":29}},"9":{"start":{"line":44,"column":12},"end":{"line":44,"column":17}},"10":{"start":{"line":46,"column":12},"end":{"line":46,"column":31}},"11":{"start":{"line":47,"column":12},"end":{"line":47,"column":27}},"12":{"start":{"line":48,"column":12},"end":{"line":48,"column":36}},"13":{"start":{"line":51,"column":8},"end":{"line":51,"column":19}},"14":{"start":{"line":54,"column":23},"end":{"line":54,"column":24}},"15":{"start":{"line":54,"column":36},"end":{"line":54,"column":51}},"16":{"start":{"line":55,"column":8},"end":{"line":55,"column":27}},"17":{"start":{"line":56,"column":8},"end":{"line":56,"column":23}},"18":{"start":{"line":57,"column":8},"end":{"line":57,"column":32}},"19":{"start":{"line":58,"column":8},"end":{"line":70,"column":9}},"20":{"start":{"line":59,"column":12},"end":{"line":59,"column":53}},"21":{"start":{"line":60,"column":12},"end":{"line":69,"column":13}},"22":{"start":{"line":61,"column":16},"end":{"line":61,"column":34}},"23":{"start":{"line":62,"column":16},"end":{"line":62,"column":35}},"24":{"start":{"line":63,"column":16},"end":{"line":63,"column":33}},"25":{"start":{"line":64,"column":16},"end":{"line":64,"column":21}},"26":{"start":{"line":65,"column":18},"end":{"line":69,"column":13}},"27":{"start":{"line":66,"column":16},"end":{"line":66,"column":36}},"28":{"start":{"line":68,"column":16},"end":{"line":68,"column":37}},"29":{"start":{"line":71,"column":8},"end":{"line":71,"column":19}},"30":{"start":{"line":74,"column":21},"end":{"line":74,"column":41}},"31":{"start":{"line":75,"column":19},"end":{"line":75,"column":48}},"32":{"start":{"line":76,"column":20},"end":{"line":76,"column":44}},"33":{"start":{"line":77,"column":25},"end":{"line":77,"column":26}},"34":{"start":{"line":78,"column":8},"end":{"line":78,"column":27}},"35":{"start":{"line":79,"column":8},"end":{"line":79,"column":32}},"36":{"start":{"line":80,"column":8},"end":{"line":88,"column":9}},"37":{"start":{"line":82,"column":10},"end":{"line":82,"column":28}},"38":{"start":{"line":83,"column":10},"end":{"line":83,"column":23}},"39":{"start":{"line":84,"column":10},"end":{"line":87,"column":11}},"40":{"start":{"line":85,"column":12},"end":{"line":85,"column":27}},"41":{"start":{"line":86,"column":12},"end":{"line":86,"column":23}},"42":{"start":{"line":90,"column":25},"end":{"line":90,"column":47}},"43":{"start":{"line":91,"column":8},"end":{"line":98,"column":9}},"44":{"start":{"line":93,"column":10},"end":{"line":93,"column":23}},"45":{"start":{"line":94,"column":10},"end":{"line":97,"column":11}},"46":{"start":{"line":95,"column":16},"end":{"line":95,"column":31}},"47":{"start":{"line":96,"column":16},"end":{"line":96,"column":27}},"48":{"start":{"line":99,"column":8},"end":{"line":103,"column":9}},"49":{"start":{"line":100,"column":11},"end":{"line":100,"column":34}},"50":{"start":{"line":101,"column":11},"end":{"line":101,"column":29}},"51":{"start":{"line":102,"column":11},"end":{"line":102,"column":37}},"52":{"start":{"line":104,"column":8},"end":{"line":104,"column":20}},"53":{"start":{"line":108,"column":12},"end":{"line":119,"column":13}},"54":{"start":{"line":109,"column":27},"end":{"line":109,"column":53}},"55":{"start":{"line":110,"column":32},"end":{"line":110,"column":53}},"56":{"start":{"line":111,"column":14},"end":{"line":117,"column":15}},"57":{"start":{"line":112,"column":16},"end":{"line":112,"column":30}},"58":{"start":{"line":113,"column":21},"end":{"line":117,"column":15}},"59":{"start":{"line":114,"column":18},"end":{"line":114,"column":35}},"60":{"start":{"line":116,"column":18},"end":{"line":116,"column":37}},"61":{"start":{"line":118,"column":14},"end":{"line":118,"column":76}},"62":{"start":{"line":120,"column":12},"end":{"line":120,"column":22}},"63":{"start":{"line":122,"column":18},"end":{"line":122,"column":29}},"64":{"start":{"line":123,"column":8},"end":{"line":127,"column":9}},"65":{"start":{"line":124,"column":12},"end":{"line":124,"column":27}},"66":{"start":{"line":125,"column":12},"end":{"line":125,"column":30}},"67":{"start":{"line":126,"column":12},"end":{"line":126,"column":29}},"68":{"start":{"line":128,"column":14},"end":{"line":128,"column":15}},"69":{"start":{"line":129,"column":8},"end":{"line":131,"column":9}},"70":{"start":{"line":130,"column":12},"end":{"line":130,"column":17}},"71":{"start":{"line":132,"column":8},"end":{"line":132,"column":70}},"72":{"start":{"line":133,"column":8},"end":{"line":139,"column":9}},"73":{"start":{"line":134,"column":12},"end":{"line":134,"column":30}},"74":{"start":{"line":135,"column":12},"end":{"line":135,"column":29}},"75":{"start":{"line":137,"column":12},"end":{"line":137,"column":31}},"76":{"start":{"line":138,"column":12},"end":{"line":138,"column":36}},"77":{"start":{"line":140,"column":8},"end":{"line":140,"column":19}},"78":{"start":{"line":143,"column":8},"end":{"line":159,"column":9}},"79":{"start":{"line":144,"column":12},"end":{"line":144,"column":32}},"80":{"start":{"line":146,"column":36},"end":{"line":146,"column":38}},"81":{"start":{"line":147,"column":37},"end":{"line":147,"column":39}},"82":{"start":{"line":148,"column":33},"end":{"line":148,"column":35}},"83":{"start":{"line":149,"column":31},"end":{"line":149,"column":50}},"84":{"start":{"line":150,"column":22},"end":{"line":150,"column":42}},"85":{"start":{"line":151,"column":12},"end":{"line":157,"column":13}},"86":{"start":{"line":151,"column":22},"end":{"line":151,"column":23}},"87":{"start":{"line":152,"column":16},"end":{"line":156,"column":17}},"88":{"start":{"line":153,"column":20},"end":{"line":153,"column":60}},"89":{"start":{"line":155,"column":20},"end":{"line":155,"column":61}},"90":{"start":{"line":158,"column":12},"end":{"line":158,"column":125}},"91":{"start":{"line":163,"column":0},"end":{"line":163,"column":21}}},"fnMap":{"0":{"name":"(anonymous_0)","decl":{"start":{"line":11,"column":1},"end":{"line":11,"column":2}},"loc":{"start":{"line":11,"column":11},"end":{"line":13,"column":1}},"line":11},"1":{"name":"(anonymous_1)","decl":{"start":{"line":37,"column":18},"end":{"line":37,"column":19}},"loc":{"start":{"line":37,"column":37},"end":{"line":52,"column":7}},"line":37},"2":{"name":"(anonymous_2)","decl":{"start":{"line":53,"column":18},"end":{"line":53,"column":19}},"loc":{"start":{"line":53,"column":37},"end":{"line":72,"column":5}},"line":53},"3":{"name":"(anonymous_3)","decl":{"start":{"line":73,"column":16},"end":{"line":73,"column":17}},"loc":{"start":{"line":73,"column":54},"end":{"line":105,"column":7}},"line":73},"4":{"name":"(anonymous_4)","decl":{"start":{"line":106,"column":23},"end":{"line":106,"column":24}},"loc":{"start":{"line":106,"column":42},"end":{"line":141,"column":5}},"line":106},"5":{"name":"binarySearch","decl":{"start":{"line":107,"column":17},"end":{"line":107,"column":29}},"loc":{"start":{"line":107,"column":71},"end":{"line":121,"column":11}},"line":107},"6":{"name":"(anonymous_6)","decl":{"start":{"line":142,"column":15},"end":{"line":142,"column":16}},"loc":{"start":{"line":142,"column":38},"end":{"line":160,"column":5}},"line":142}},"branchMap":{"0":{"loc":{"start":{"line":40,"column":10},"end":{"line":49,"column":11}},"type":"if","locations":[{"start":{"line":40,"column":10},"end":{"line":49,"column":11}},{"start":{"line":40,"column":10},"end":{"line":49,"column":11}}],"line":40},"1":{"loc":{"start":{"line":58,"column":14},"end":{"line":58,"column":56}},"type":"binary-expr","locations":[{"start":{"line":58,"column":14},"end":{"line":58,"column":35}},{"start":{"line":58,"column":39},"end":{"line":58,"column":56}}],"line":58},"2":{"loc":{"start":{"line":60,"column":12},"end":{"line":69,"column":13}},"type":"if","locations":[{"start":{"line":60,"column":12},"end":{"line":69,"column":13}},{"start":{"line":60,"column":12},"end":{"line":69,"column":13}}],"line":60},"3":{"loc":{"start":{"line":65,"column":18},"end":{"line":69,"column":13}},"type":"if","locations":[{"start":{"line":65,"column":18},"end":{"line":69,"column":13}},{"start":{"line":65,"column":18},"end":{"line":69,"column":13}}],"line":65},"4":{"loc":{"start":{"line":84,"column":10},"end":{"line":87,"column":11}},"type":"if","locations":[{"start":{"line":84,"column":10},"end":{"line":87,"column":11}},{"start":{"line":84,"column":10},"end":{"line":87,"column":11}}],"line":84},"5":{"loc":{"start":{"line":94,"column":10},"end":{"line":97,"column":11}},"type":"if","locations":[{"start":{"line":94,"column":10},"end":{"line":97,"column":11}},{"start":{"line":94,"column":10},"end":{"line":97,"column":11}}],"line":94},"6":{"loc":{"start":{"line":99,"column":8},"end":{"line":103,"column":9}},"type":"if","locations":[{"start":{"line":99,"column":8},"end":{"line":103,"column":9}},{"start":{"line":99,"column":8},"end":{"line":103,"column":9}}],"line":99},"7":{"loc":{"start":{"line":108,"column":12},"end":{"line":119,"column":13}},"type":"if","locations":[{"start":{"line":108,"column":12},"end":{"line":119,"column":13}},{"start":{"line":108,"column":12},"end":{"line":119,"column":13}}],"line":108},"8":{"loc":{"start":{"line":111,"column":14},"end":{"line":117,"column":15}},"type":"if","locations":[{"start":{"line":111,"column":14},"end":{"line":117,"column":15}},{"start":{"line":111,"column":14},"end":{"line":117,"column":15}}],"line":111},"9":{"loc":{"start":{"line":113,"column":21},"end":{"line":117,"column":15}},"type":"if","locations":[{"start":{"line":113,"column":21},"end":{"line":117,"column":15}},{"start":{"line":113,"column":21},"end":{"line":117,"column":15}}],"line":113},"10":{"loc":{"start":{"line":123,"column":8},"end":{"line":127,"column":9}},"type":"if","locations":[{"start":{"line":123,"column":8},"end":{"line":127,"column":9}},{"start":{"line":123,"column":8},"end":{"line":127,"column":9}}],"line":123},"11":{"loc":{"start":{"line":129,"column":14},"end":{"line":129,"column":36}},"type":"binary-expr","locations":[{"start":{"line":129,"column":14},"end":{"line":129,"column":19}},{"start":{"line":129,"column":23},"end":{"line":129,"column":36}}],"line":129},"12":{"loc":{"start":{"line":133,"column":8},"end":{"line":139,"column":9}},"type":"if","locations":[{"start":{"line":133,"column":8},"end":{"line":139,"column":9}},{"start":{"line":133,"column":8},"end":{"line":139,"column":9}}],"line":133},"13":{"loc":{"start":{"line":143,"column":8},"end":{"line":159,"column":9}},"type":"if","locations":[{"start":{"line":143,"column":8},"end":{"line":159,"column":9}},{"start":{"line":143,"column":8},"end":{"line":159,"column":9}}],"line":143},"14":{"loc":{"start":{"line":152,"column":16},"end":{"line":156,"column":17}},"type":"if","locations":[{"start":{"line":152,"column":16},"end":{"line":156,"column":17}},{"start":{"line":152,"column":16},"end":{"line":156,"column":17}}],"line":152}},"s":{"0":1,"1":1,"2":1,"3":6,"4":6,"5":31,"6":3,"7":3,"8":3,"9":3,"10":28,"11":28,"12":28,"13":6,"14":6,"15":6,"16":6,"17":6,"18":6,"19":6,"20":15,"21":15,"22":3,"23":3,"24":3,"25":3,"26":12,"27":2,"28":10,"29":6,"30":6,"31":6,"32":6,"33":6,"34":6,"35":6,"36":6,"37":11,"38":11,"39":11,"40":1,"41":1,"42":5,"43":5,"44":4,"45":4,"46":0,"47":0,"48":5,"49":3,"50":3,"51":3,"52":5,"53":11,"54":8,"55":8,"56":8,"57":3,"58":5,"59":2,"60":3,"61":5,"62":3,"63":6,"64":6,"65":0,"66":0,"67":0,"68":6,"69":6,"70":15,"71":6,"72":6,"73":3,"74":3,"75":3,"76":3,"77":6,"78":19,"79":11,"80":8,"81":8,"82":8,"83":8,"84":8,"85":8,"86":8,"87":19,"88":7,"89":12,"90":8,"91":1},"f":{"0":1,"1":6,"2":6,"3":6,"4":6,"5":11,"6":19},"b":{"0":[3,28],"1":[18,18],"2":[3,12],"3":[2,10],"4":[1,10],"5":[0,4],"6":[3,2],"7":[8,3],"8":[3,5],"9":[2,3],"10":[0,6],"11":[21,18],"12":[3,3],"13":[11,8],"14":[7,12]},"_coverageSchema":"1a1c01bbd47fc00a2c39e90264f33305004495a9","hash":"26783fb4cc64b8cc32506902f04e6680fc5372f3"}
}
