TN:
SF:src\Algo.js
FN:11,(anonymous_0)
FN:36,(anonymous_1)
FN:52,(anonymous_2)
FN:74,(anonymous_3)
FN:105,(anonymous_4)
FN:106,binarySearch
FN:141,(anonymous_6)
FN:164,(anonymous_7)
FN:177,(anonymous_8)
FN:178,merge
FN:204,(anonymous_10)
FN:223,(anonymous_11)
FN:240,(anonymous_12)
FN:249,heapify
FN:265,(anonymous_14)
FN:270,(anonymous_15)
FN:287,(anonymous_16)
FN:326,createBuckets
FN:353,sortBuckets
FNF:19
FNH:19
FNDA:1,(anonymous_0)
FNDA:6,(anonymous_1)
FNDA:6,(anonymous_2)
FNDA:6,(anonymous_3)
FNDA:6,(anonymous_4)
FNDA:11,binarySearch
FNDA:19,(anonymous_6)
FNDA:3,(anonymous_7)
FNDA:27,(anonymous_8)
FNDA:12,merge
FNDA:15,(anonymous_10)
FNDA:3,(anonymous_11)
FNDA:3,(anonymous_12)
FNDA:34,heapify
FNDA:1,(anonymous_14)
FNDA:40,(anonymous_15)
FNDA:2,(anonymous_16)
FNDA:2,createBuckets
FNDA:1,sortBuckets
DA:11,1
DA:12,1
DA:32,1
DA:38,6
DA:39,31
DA:40,3
DA:41,3
DA:42,3
DA:43,3
DA:45,28
DA:46,28
DA:47,28
DA:50,6
DA:53,6
DA:54,6
DA:56,6
DA:57,6
DA:58,6
DA:59,6
DA:60,15
DA:61,15
DA:62,3
DA:63,3
DA:64,3
DA:65,3
DA:66,12
DA:67,2
DA:69,10
DA:72,6
DA:75,6
DA:76,6
DA:77,6
DA:78,6
DA:79,6
DA:80,6
DA:81,6
DA:82,11
DA:83,11
DA:84,11
DA:85,1
DA:86,1
DA:90,5
DA:91,5
DA:92,4
DA:93,4
DA:94,0
DA:95,0
DA:98,5
DA:99,3
DA:100,3
DA:101,3
DA:103,5
DA:107,11
DA:108,8
DA:109,8
DA:110,8
DA:111,3
DA:112,5
DA:113,2
DA:115,3
DA:117,5
DA:119,3
DA:121,6
DA:122,6
DA:123,0
DA:124,0
DA:125,0
DA:127,6
DA:128,6
DA:129,15
DA:131,6
DA:132,6
DA:133,3
DA:134,3
DA:136,3
DA:137,3
DA:139,6
DA:142,19
DA:143,11
DA:145,8
DA:146,8
DA:147,8
DA:148,8
DA:149,8
DA:150,8
DA:151,19
DA:152,7
DA:154,12
DA:157,8
DA:165,3
DA:166,3
DA:167,14
DA:168,44
DA:169,17
DA:170,17
DA:171,17
DA:175,3
DA:179,12
DA:180,12
DA:181,12
DA:182,12
DA:183,24
DA:184,14
DA:185,14
DA:187,10
DA:188,10
DA:191,12
DA:196,27
DA:197,15
DA:199,12
DA:200,12
DA:201,12
DA:202,12
DA:205,15
DA:206,11
DA:207,3
DA:208,8
DA:209,4
DA:211,4
DA:212,13
DA:216,4
DA:221,15
DA:224,3
DA:225,3
DA:226,13
DA:227,13
DA:228,24
DA:229,8
DA:232,13
DA:233,5
DA:234,5
DA:235,5
DA:238,3
DA:241,3
DA:242,6
DA:243,3
DA:244,14
DA:245,14
DA:246,14
DA:247,14
DA:250,34
DA:251,34
DA:252,34
DA:253,34
DA:254,34
DA:255,34
DA:256,14
DA:257,14
DA:258,14
DA:259,14
DA:262,3
DA:266,1
DA:267,1
DA:268,1
DA:269,1
DA:270,40
DA:272,4
DA:273,32
DA:274,32
DA:275,32
DA:277,4
DA:278,4
DA:280,1
DA:281,8
DA:282,0
DA:285,1
DA:318,2
DA:319,0
DA:322,2
DA:324,1
DA:328,2
DA:329,2
DA:330,2
DA:331,11
DA:332,4
DA:333,7
DA:334,4
DA:337,2
DA:340,2
DA:341,2
DA:342,12
DA:346,2
DA:347,11
DA:348,11
DA:350,1
DA:354,1
DA:355,1
DA:356,12
DA:357,12
DA:358,12
DA:361,1
DA:366,1
LF:192
LH:185
BRDA:39,0,0,3
BRDA:39,0,1,28
BRDA:59,1,0,18
BRDA:59,1,1,18
BRDA:61,2,0,3
BRDA:61,2,1,12
BRDA:66,3,0,2
BRDA:66,3,1,10
BRDA:84,4,0,1
BRDA:84,4,1,10
BRDA:93,5,0,0
BRDA:93,5,1,4
BRDA:98,6,0,3
BRDA:98,6,1,2
BRDA:107,7,0,8
BRDA:107,7,1,3
BRDA:110,8,0,3
BRDA:110,8,1,5
BRDA:112,9,0,2
BRDA:112,9,1,3
BRDA:122,10,0,0
BRDA:122,10,1,6
BRDA:128,11,0,21
BRDA:128,11,1,18
BRDA:132,12,0,3
BRDA:132,12,1,3
BRDA:142,13,0,11
BRDA:142,13,1,8
BRDA:151,14,0,7
BRDA:151,14,1,12
BRDA:168,15,0,17
BRDA:168,15,1,27
BRDA:182,16,0,36
BRDA:182,16,1,28
BRDA:183,17,0,14
BRDA:183,17,1,10
BRDA:196,18,0,15
BRDA:196,18,1,12
BRDA:206,19,0,3
BRDA:206,19,1,8
BRDA:208,20,0,4
BRDA:208,20,1,4
BRDA:212,21,0,4
BRDA:212,21,1,9
BRDA:213,22,0,13
BRDA:213,22,1,13
BRDA:228,23,0,8
BRDA:228,23,1,16
BRDA:232,24,0,5
BRDA:232,24,1,8
BRDA:253,25,0,14
BRDA:253,25,1,20
BRDA:253,26,0,34
BRDA:253,26,1,18
BRDA:254,27,0,2
BRDA:254,27,1,32
BRDA:254,28,0,34
BRDA:254,28,1,12
BRDA:255,29,0,14
BRDA:255,29,1,20
BRDA:269,30,0,5
BRDA:269,30,1,2
BRDA:275,31,0,4
BRDA:275,31,1,28
BRDA:281,32,0,0
BRDA:281,32,1,8
BRDA:318,33,0,0
BRDA:318,33,1,2
BRDA:331,34,0,4
BRDA:331,34,1,7
BRDA:333,35,0,4
BRDA:333,35,1,3
BRDA:356,36,0,12
BRDA:356,36,1,0
BRF:74
BRH:69
end_of_record
