TN:
SF:src\Algo.js
FN:11,(anonymous_0)
FN:36,(anonymous_1)
FN:52,(anonymous_2)
FN:72,(anonymous_3)
FN:105,(anonymous_4)
FN:106,binarySearch
FN:141,(anonymous_6)
FN:160,(anonymous_7)
FN:173,(anonymous_8)
FN:174,merge
FN:198,(anonymous_10)
FNF:11
FNH:11
FNDA:1,(anonymous_0)
FNDA:6,(anonymous_1)
FNDA:6,(anonymous_2)
FNDA:6,(anonymous_3)
FNDA:6,(anonymous_4)
FNDA:11,binarySearch
FNDA:19,(anonymous_6)
FNDA:3,(anonymous_7)
FNDA:27,(anonymous_8)
FNDA:12,merge
FNDA:3,(anonymous_10)
DA:11,1
DA:12,1
DA:32,1
DA:38,6
DA:39,31
DA:40,3
DA:41,3
DA:42,3
DA:43,3
DA:45,28
DA:46,28
DA:47,28
DA:50,6
DA:53,6
DA:54,6
DA:55,6
DA:56,6
DA:57,6
DA:58,15
DA:59,15
DA:60,3
DA:61,3
DA:62,3
DA:63,3
DA:64,12
DA:65,2
DA:67,10
DA:70,6
DA:73,6
DA:74,6
DA:75,6
DA:76,6
DA:77,6
DA:78,6
DA:79,6
DA:81,11
DA:82,11
DA:83,11
DA:84,1
DA:85,1
DA:89,5
DA:90,5
DA:92,4
DA:93,4
DA:94,0
DA:95,0
DA:98,5
DA:99,3
DA:100,3
DA:101,3
DA:103,5
DA:107,11
DA:108,8
DA:109,8
DA:110,8
DA:111,3
DA:112,5
DA:113,2
DA:115,3
DA:117,5
DA:119,3
DA:121,6
DA:122,6
DA:123,0
DA:124,0
DA:125,0
DA:127,6
DA:128,6
DA:129,15
DA:131,6
DA:132,6
DA:133,3
DA:134,3
DA:136,3
DA:137,3
DA:139,6
DA:142,19
DA:143,11
DA:145,8
DA:146,8
DA:147,8
DA:148,8
DA:149,8
DA:150,8
DA:151,19
DA:152,7
DA:154,12
DA:157,8
DA:161,3
DA:162,3
DA:163,14
DA:164,44
DA:165,17
DA:166,17
DA:167,17
DA:171,3
DA:175,12
DA:176,12
DA:177,12
DA:178,12
DA:179,24
DA:180,14
DA:181,14
DA:183,10
DA:184,10
DA:187,12
DA:190,27
DA:191,15
DA:193,12
DA:194,12
DA:195,12
DA:196,12
DA:199,3
DA:200,11
DA:201,3
DA:202,8
DA:203,4
DA:205,4
DA:206,13
DA:207,4
DA:212,3
DA:216,1
LF:122
LH:117
BRDA:39,0,0,3
BRDA:39,0,1,28
BRDA:57,1,0,18
BRDA:57,1,1,18
BRDA:59,2,0,3
BRDA:59,2,1,12
BRDA:64,3,0,2
BRDA:64,3,1,10
BRDA:83,4,0,1
BRDA:83,4,1,10
BRDA:93,5,0,0
BRDA:93,5,1,4
BRDA:98,6,0,3
BRDA:98,6,1,2
BRDA:107,7,0,8
BRDA:107,7,1,3
BRDA:110,8,0,3
BRDA:110,8,1,5
BRDA:112,9,0,2
BRDA:112,9,1,3
BRDA:122,10,0,0
BRDA:122,10,1,6
BRDA:128,11,0,21
BRDA:128,11,1,18
BRDA:132,12,0,3
BRDA:132,12,1,3
BRDA:142,13,0,11
BRDA:142,13,1,8
BRDA:151,14,0,7
BRDA:151,14,1,12
BRDA:164,15,0,17
BRDA:164,15,1,27
BRDA:178,16,0,36
BRDA:178,16,1,28
BRDA:179,17,0,14
BRDA:179,17,1,10
BRDA:190,18,0,15
BRDA:190,18,1,12
BRDA:200,19,0,3
BRDA:200,19,1,8
BRDA:202,20,0,4
BRDA:202,20,1,4
BRDA:206,21,0,4
BRDA:206,21,1,9
BRDA:206,22,0,13
BRDA:206,22,1,13
BRF:46
BRH:44
end_of_record
